Determining if the pthread_create exist failed with the following output:
Change Dir: /home/xivien/hector_quadrotor/build/CMakeFiles/CMakeTmp

Run Build Command:"/usr/bin/make" "cmTC_c591d/fast"
/usr/bin/make -f CMakeFiles/cmTC_c591d.dir/build.make CMakeFiles/cmTC_c591d.dir/build
make[1]: Wejście do katalogu '/home/xivien/hector_quadrotor/build/CMakeFiles/CMakeTmp'
Building C object CMakeFiles/cmTC_c591d.dir/CheckSymbolExists.c.o
/usr/bin/cc     -o CMakeFiles/cmTC_c591d.dir/CheckSymbolExists.c.o   -c /home/xivien/hector_quadrotor/build/CMakeFiles/CMakeTmp/CheckSymbolExists.c
Linking C executable cmTC_c591d
/usr/bin/cmake -E cmake_link_script CMakeFiles/cmTC_c591d.dir/link.txt --verbose=1
/usr/bin/cc       CMakeFiles/cmTC_c591d.dir/CheckSymbolExists.c.o  -o cmTC_c591d -rdynamic 
CMakeFiles/cmTC_c591d.dir/CheckSymbolExists.c.o: In function `main':
CheckSymbolExists.c:(.text+0x16): undefined reference to `pthread_create'
collect2: error: ld returned 1 exit status
CMakeFiles/cmTC_c591d.dir/build.make:97: polecenia dla obiektu 'cmTC_c591d' nie powiodły się
make[1]: *** [cmTC_c591d] Błąd 1
make[1]: Opuszczenie katalogu '/home/xivien/hector_quadrotor/build/CMakeFiles/CMakeTmp'
Makefile:126: polecenia dla obiektu 'cmTC_c591d/fast' nie powiodły się
make: *** [cmTC_c591d/fast] Błąd 2

File /home/xivien/hector_quadrotor/build/CMakeFiles/CMakeTmp/CheckSymbolExists.c:
/* */
#include <pthread.h>

int main(int argc, char** argv)
{
  (void)argv;
#ifndef pthread_create
  return ((int*)(&pthread_create))[argc];
#else
  (void)argc;
  return 0;
#endif
}

Determining if the function pthread_create exists in the pthreads failed with the following output:
Change Dir: /home/xivien/hector_quadrotor/build/CMakeFiles/CMakeTmp

Run Build Command:"/usr/bin/make" "cmTC_31211/fast"
/usr/bin/make -f CMakeFiles/cmTC_31211.dir/build.make CMakeFiles/cmTC_31211.dir/build
make[1]: Wejście do katalogu '/home/xivien/hector_quadrotor/build/CMakeFiles/CMakeTmp'
Building C object CMakeFiles/cmTC_31211.dir/CheckFunctionExists.c.o
/usr/bin/cc    -DCHECK_FUNCTION_EXISTS=pthread_create   -o CMakeFiles/cmTC_31211.dir/CheckFunctionExists.c.o   -c /usr/share/cmake-3.5/Modules/CheckFunctionExists.c
Linking C executable cmTC_31211
/usr/bin/cmake -E cmake_link_script CMakeFiles/cmTC_31211.dir/link.txt --verbose=1
/usr/bin/cc   -DCHECK_FUNCTION_EXISTS=pthread_create    CMakeFiles/cmTC_31211.dir/CheckFunctionExists.c.o  -o cmTC_31211 -rdynamic -lpthreads 
/usr/bin/ld: cannot find -lpthreads
collect2: error: ld returned 1 exit status
CMakeFiles/cmTC_31211.dir/build.make:97: polecenia dla obiektu 'cmTC_31211' nie powiodły się
make[1]: *** [cmTC_31211] Błąd 1
make[1]: Opuszczenie katalogu '/home/xivien/hector_quadrotor/build/CMakeFiles/CMakeTmp'
Makefile:126: polecenia dla obiektu 'cmTC_31211/fast' nie powiodły się
make: *** [cmTC_31211/fast] Błąd 2


Determining if the Q_WS_WIN exist failed with the following output:
Change Dir: /home/xivien/hector_quadrotor/build/CMakeFiles/CMakeTmp

Run Build Command:"/usr/bin/make" "cmTC_2ad48/fast"
/usr/bin/make -f CMakeFiles/cmTC_2ad48.dir/build.make CMakeFiles/cmTC_2ad48.dir/build
make[1]: Wejście do katalogu '/home/xivien/hector_quadrotor/build/CMakeFiles/CMakeTmp'
Building CXX object CMakeFiles/cmTC_2ad48.dir/CheckSymbolExists.cxx.o
/usr/bin/c++    -I/usr/include/qt4   -o CMakeFiles/cmTC_2ad48.dir/CheckSymbolExists.cxx.o -c /home/xivien/hector_quadrotor/build/CMakeFiles/CMakeTmp/CheckSymbolExists.cxx
/home/xivien/hector_quadrotor/build/CMakeFiles/CMakeTmp/CheckSymbolExists.cxx: In function ‘int main(int, char**)’:
/home/xivien/hector_quadrotor/build/CMakeFiles/CMakeTmp/CheckSymbolExists.cxx:8:19: error: ‘Q_WS_WIN’ was not declared in this scope
   return ((int*)(&Q_WS_WIN))[argc];
                   ^
CMakeFiles/cmTC_2ad48.dir/build.make:65: polecenia dla obiektu 'CMakeFiles/cmTC_2ad48.dir/CheckSymbolExists.cxx.o' nie powiodły się
make[1]: *** [CMakeFiles/cmTC_2ad48.dir/CheckSymbolExists.cxx.o] Błąd 1
make[1]: Opuszczenie katalogu '/home/xivien/hector_quadrotor/build/CMakeFiles/CMakeTmp'
Makefile:126: polecenia dla obiektu 'cmTC_2ad48/fast' nie powiodły się
make: *** [cmTC_2ad48/fast] Błąd 2

File /home/xivien/hector_quadrotor/build/CMakeFiles/CMakeTmp/CheckSymbolExists.cxx:
/* */
#include <QtCore/qglobal.h>

int main(int argc, char** argv)
{
  (void)argv;
#ifndef Q_WS_WIN
  return ((int*)(&Q_WS_WIN))[argc];
#else
  (void)argc;
  return 0;
#endif
}

Determining if the Q_WS_QWS exist failed with the following output:
Change Dir: /home/xivien/hector_quadrotor/build/CMakeFiles/CMakeTmp

Run Build Command:"/usr/bin/make" "cmTC_76507/fast"
/usr/bin/make -f CMakeFiles/cmTC_76507.dir/build.make CMakeFiles/cmTC_76507.dir/build
make[1]: Wejście do katalogu '/home/xivien/hector_quadrotor/build/CMakeFiles/CMakeTmp'
Building CXX object CMakeFiles/cmTC_76507.dir/CheckSymbolExists.cxx.o
/usr/bin/c++    -I/usr/include/qt4   -o CMakeFiles/cmTC_76507.dir/CheckSymbolExists.cxx.o -c /home/xivien/hector_quadrotor/build/CMakeFiles/CMakeTmp/CheckSymbolExists.cxx
/home/xivien/hector_quadrotor/build/CMakeFiles/CMakeTmp/CheckSymbolExists.cxx: In function ‘int main(int, char**)’:
/home/xivien/hector_quadrotor/build/CMakeFiles/CMakeTmp/CheckSymbolExists.cxx:8:19: error: ‘Q_WS_QWS’ was not declared in this scope
   return ((int*)(&Q_WS_QWS))[argc];
                   ^
CMakeFiles/cmTC_76507.dir/build.make:65: polecenia dla obiektu 'CMakeFiles/cmTC_76507.dir/CheckSymbolExists.cxx.o' nie powiodły się
make[1]: *** [CMakeFiles/cmTC_76507.dir/CheckSymbolExists.cxx.o] Błąd 1
make[1]: Opuszczenie katalogu '/home/xivien/hector_quadrotor/build/CMakeFiles/CMakeTmp'
Makefile:126: polecenia dla obiektu 'cmTC_76507/fast' nie powiodły się
make: *** [cmTC_76507/fast] Błąd 2

File /home/xivien/hector_quadrotor/build/CMakeFiles/CMakeTmp/CheckSymbolExists.cxx:
/* */
#include <QtCore/qglobal.h>

int main(int argc, char** argv)
{
  (void)argv;
#ifndef Q_WS_QWS
  return ((int*)(&Q_WS_QWS))[argc];
#else
  (void)argc;
  return 0;
#endif
}

Determining if the Q_WS_MAC exist failed with the following output:
Change Dir: /home/xivien/hector_quadrotor/build/CMakeFiles/CMakeTmp

Run Build Command:"/usr/bin/make" "cmTC_80357/fast"
/usr/bin/make -f CMakeFiles/cmTC_80357.dir/build.make CMakeFiles/cmTC_80357.dir/build
make[1]: Wejście do katalogu '/home/xivien/hector_quadrotor/build/CMakeFiles/CMakeTmp'
Building CXX object CMakeFiles/cmTC_80357.dir/CheckSymbolExists.cxx.o
/usr/bin/c++    -I/usr/include/qt4   -o CMakeFiles/cmTC_80357.dir/CheckSymbolExists.cxx.o -c /home/xivien/hector_quadrotor/build/CMakeFiles/CMakeTmp/CheckSymbolExists.cxx
/home/xivien/hector_quadrotor/build/CMakeFiles/CMakeTmp/CheckSymbolExists.cxx: In function ‘int main(int, char**)’:
/home/xivien/hector_quadrotor/build/CMakeFiles/CMakeTmp/CheckSymbolExists.cxx:8:19: error: ‘Q_WS_MAC’ was not declared in this scope
   return ((int*)(&Q_WS_MAC))[argc];
                   ^
CMakeFiles/cmTC_80357.dir/build.make:65: polecenia dla obiektu 'CMakeFiles/cmTC_80357.dir/CheckSymbolExists.cxx.o' nie powiodły się
make[1]: *** [CMakeFiles/cmTC_80357.dir/CheckSymbolExists.cxx.o] Błąd 1
make[1]: Opuszczenie katalogu '/home/xivien/hector_quadrotor/build/CMakeFiles/CMakeTmp'
Makefile:126: polecenia dla obiektu 'cmTC_80357/fast' nie powiodły się
make: *** [cmTC_80357/fast] Błąd 2

File /home/xivien/hector_quadrotor/build/CMakeFiles/CMakeTmp/CheckSymbolExists.cxx:
/* */
#include <QtCore/qglobal.h>

int main(int argc, char** argv)
{
  (void)argv;
#ifndef Q_WS_MAC
  return ((int*)(&Q_WS_MAC))[argc];
#else
  (void)argc;
  return 0;
#endif
}

